2024-04-26 14:03:59,556 INFO o.a.j.u.JMeterUtils: Setting Locale to en_EN
2024-04-26 14:03:59,573 INFO o.a.j.JMeter: Loading user properties from: C:\Users\solog\apache-jmeter-5.6.3\apache-jmeter-5.6.3\bin\user.properties
2024-04-26 14:03:59,575 INFO o.a.j.JMeter: Loading system properties from: C:\Users\solog\apache-jmeter-5.6.3\apache-jmeter-5.6.3\bin\system.properties
2024-04-26 14:03:59,575 INFO o.a.j.JMeter: Copyright (c) 1998-2024 The Apache Software Foundation
2024-04-26 14:03:59,575 INFO o.a.j.JMeter: Version 5.6.3
2024-04-26 14:03:59,575 INFO o.a.j.JMeter: java.version=21.0.2
2024-04-26 14:03:59,575 INFO o.a.j.JMeter: java.vm.name=Java HotSpot(TM) 64-Bit Server VM
2024-04-26 14:03:59,575 INFO o.a.j.JMeter: os.name=Windows 11
2024-04-26 14:03:59,591 INFO o.a.j.JMeter: os.arch=amd64
2024-04-26 14:03:59,591 INFO o.a.j.JMeter: os.version=10.0
2024-04-26 14:03:59,591 INFO o.a.j.JMeter: file.encoding=UTF-8
2024-04-26 14:03:59,591 INFO o.a.j.JMeter: java.awt.headless=true
2024-04-26 14:03:59,591 INFO o.a.j.JMeter: Max memory     =1073741824
2024-04-26 14:03:59,591 INFO o.a.j.JMeter: Available Processors =16
2024-04-26 14:03:59,597 INFO o.a.j.JMeter: Default Locale=English (EN)
2024-04-26 14:03:59,597 INFO o.a.j.JMeter: JMeter  Locale=English (EN)
2024-04-26 14:03:59,597 INFO o.a.j.JMeter: JMeterHome=C:\Users\solog\apache-jmeter-5.6.3\apache-jmeter-5.6.3
2024-04-26 14:03:59,597 INFO o.a.j.JMeter: user.dir  =C:\Users\solog\Desktop\Coding\CS262\Jmeter\Reqres_in
2024-04-26 14:03:59,597 INFO o.a.j.JMeter: PWD       =C:\Users\solog\Desktop\Coding\CS262\Jmeter\Reqres_in
2024-04-26 14:03:59,648 INFO o.a.j.JMeter: IP: 172.25.77.107 Name: Anfield FullName: 172.25.77.107
2024-04-26 14:03:59,663 INFO o.a.j.JMeter: Setting property 'jmeter.reportgenerator.outputdir' to:'C:\Users\solog\Desktop\Coding\CS262\Jmeter\Reqres_in\.\testReport'
2024-04-26 14:03:59,665 INFO o.a.j.s.FileServer: Default base='C:\Users\solog\Desktop\Coding\CS262\Jmeter\Reqres_in'
2024-04-26 14:03:59,665 INFO o.a.j.s.FileServer: Set new base='C:\Users\solog\Desktop\Coding\CS262\Jmeter\Reqres_in'
2024-04-26 14:03:59,852 INFO o.a.j.s.SaveService: Testplan (JMX) version: 2.2. Testlog (JTL) version: 2.2
2024-04-26 14:03:59,878 INFO o.a.j.s.SaveService: Using SaveService properties version 5.0
2024-04-26 14:03:59,878 INFO o.a.j.s.SaveService: Using SaveService properties file encoding UTF-8
2024-04-26 14:03:59,882 INFO o.a.j.s.SaveService: Loading file: Reqres.jmx
2024-04-26 14:03:59,920 INFO o.a.j.p.h.s.HTTPSamplerBase: Parser for text/html is org.apache.jmeter.protocol.http.parser.LagartoBasedHtmlParser
2024-04-26 14:03:59,920 INFO o.a.j.p.h.s.HTTPSamplerBase: Parser for application/xhtml+xml is org.apache.jmeter.protocol.http.parser.LagartoBasedHtmlParser
2024-04-26 14:03:59,920 INFO o.a.j.p.h.s.HTTPSamplerBase: Parser for application/xml is org.apache.jmeter.protocol.http.parser.LagartoBasedHtmlParser
2024-04-26 14:03:59,920 INFO o.a.j.p.h.s.HTTPSamplerBase: Parser for text/xml is org.apache.jmeter.protocol.http.parser.LagartoBasedHtmlParser
2024-04-26 14:03:59,920 INFO o.a.j.p.h.s.HTTPSamplerBase: Parser for text/vnd.wap.wml is org.apache.jmeter.protocol.http.parser.RegexpHTMLParser
2024-04-26 14:03:59,920 INFO o.a.j.p.h.s.HTTPSamplerBase: Parser for text/css is org.apache.jmeter.protocol.http.parser.CssParser
2024-04-26 14:03:59,955 INFO o.a.j.JMeter: Creating summariser <summary>
2024-04-26 14:03:59,956 INFO o.a.j.r.d.ReportGenerator: ReportGenerator will use for Parsing the separator: ','
2024-04-26 14:03:59,956 INFO o.a.j.r.d.ReportGenerator: Will generate report at end of test from  results file: reqres.csv
2024-04-26 14:03:59,956 INFO o.a.j.r.d.ReportGenerator: Reading report generator properties from: C:\Users\solog\apache-jmeter-5.6.3\apache-jmeter-5.6.3\bin\reportgenerator.properties
2024-04-26 14:03:59,961 INFO o.a.j.r.d.ReportGenerator: Merging with JMeter properties
2024-04-26 14:03:59,962 INFO o.a.j.r.c.ReportGeneratorConfiguration: Property 'jmeter.reportgenerator.temp_dir' not found, using default value 'temp' instead.
2024-04-26 14:03:59,966 INFO o.a.j.r.c.ReportGeneratorConfiguration: Property 'jmeter.reportgenerator.apdex_per_transaction' not found, using default value 'null' instead.
2024-04-26 14:03:59,966 INFO o.a.j.r.c.ReportGeneratorConfiguration: apdex_per_transaction is empty, not APDEX per transaction customization
2024-04-26 14:03:59,966 INFO o.a.j.r.c.ReportGeneratorConfiguration: Property 'jmeter.reportgenerator.sample_filter' not found, using default value 'null' instead.
2024-04-26 14:03:59,966 INFO o.a.j.r.c.ReportGeneratorConfiguration: Property 'jmeter.reportgenerator.report_title' not found, using default value 'null' instead.
2024-04-26 14:03:59,966 INFO o.a.j.r.c.ReportGeneratorConfiguration: Property 'jmeter.reportgenerator.start_date' not found, using default value 'null' instead.
2024-04-26 14:03:59,966 INFO o.a.j.r.c.ReportGeneratorConfiguration: Property 'jmeter.reportgenerator.end_date' not found, using default value 'null' instead.
2024-04-26 14:03:59,966 INFO o.a.j.r.c.ReportGeneratorConfiguration: Property 'jmeter.reportgenerator.date_format' not found, using default value 'null' instead.
2024-04-26 14:03:59,968 INFO o.a.j.r.c.ReportGeneratorConfiguration: Will use date range start date: null, end date: null
2024-04-26 14:03:59,971 INFO o.a.j.r.c.ReportGeneratorConfiguration: Property 'jmeter.reportgenerator.graph.totalTPS.exclude_controllers' not found, using default value 'false' instead.
2024-04-26 14:03:59,971 INFO o.a.j.r.c.ReportGeneratorConfiguration: Property 'jmeter.reportgenerator.graph.activeThreadsOverTime.exclude_controllers' not found, using default value 'false' instead.
2024-04-26 14:03:59,971 INFO o.a.j.r.c.ReportGeneratorConfiguration: Property 'jmeter.reportgenerator.graph.timeVsThreads.exclude_controllers' not found, using default value 'false' instead.
2024-04-26 14:03:59,971 INFO o.a.j.r.c.ReportGeneratorConfiguration: Property 'jmeter.reportgenerator.graph.responseTimeDistribution.exclude_controllers' not found, using default value 'false' instead.
2024-04-26 14:03:59,971 INFO o.a.j.r.c.ReportGeneratorConfiguration: Property 'jmeter.reportgenerator.graph.transactionsPerSecond.exclude_controllers' not found, using default value 'false' instead.
2024-04-26 14:03:59,971 INFO o.a.j.r.c.ReportGeneratorConfiguration: Property 'jmeter.reportgenerator.graph.responseTimePercentiles.exclude_controllers' not found, using default value 'false' instead.
2024-04-26 14:03:59,971 INFO o.a.j.r.c.ReportGeneratorConfiguration: Property 'jmeter.reportgenerator.graph.responseTimePercentilesOverTime.exclude_controllers' not found, using default value 'false' instead.
2024-04-26 14:03:59,971 INFO o.a.j.r.c.ReportGeneratorConfiguration: Property 'jmeter.reportgenerator.graph.responseTimesOverTime.exclude_controllers' not found, using default value 'false' instead.
2024-04-26 14:03:59,971 INFO o.a.j.r.c.ReportGeneratorConfiguration: Property 'jmeter.reportgenerator.graph.connectTimeOverTime.exclude_controllers' not found, using default value 'false' instead.
2024-04-26 14:03:59,971 INFO o.a.j.r.c.ReportGeneratorConfiguration: Property 'jmeter.reportgenerator.graph.latenciesOverTime.exclude_controllers' not found, using default value 'false' instead.
2024-04-26 14:03:59,971 INFO o.a.j.r.c.ReportGeneratorConfiguration: Property 'jmeter.reportgenerator.exporter.json.filters_only_sample_series' not found, using default value 'true' instead.
2024-04-26 14:03:59,971 INFO o.a.j.r.c.ReportGeneratorConfiguration: Property 'jmeter.reportgenerator.exporter.json.series_filter' not found, using default value '' instead.
2024-04-26 14:03:59,971 INFO o.a.j.r.c.ReportGeneratorConfiguration: Property 'jmeter.reportgenerator.exporter.json.show_controllers_only' not found, using default value 'false' instead.
2024-04-26 14:03:59,971 INFO o.a.j.r.c.ReportGeneratorConfiguration: Property 'jmeter.reportgenerator.exporter.html.filters_only_sample_series' not found, using default value 'true' instead.
2024-04-26 14:03:59,971 INFO o.a.j.r.c.ReportGeneratorConfiguration: Property 'jmeter.reportgenerator.exporter.html.series_filter' not found, using default value '' instead.
2024-04-26 14:03:59,971 INFO o.a.j.r.c.ReportGeneratorConfiguration: Property 'jmeter.reportgenerator.exporter.html.show_controllers_only' not found, using default value 'false' instead.
2024-04-26 14:03:59,987 INFO o.a.j.e.StandardJMeterEngine: Running the test!
2024-04-26 14:03:59,987 INFO o.a.j.s.SampleEvent: List of sample_variables: []
2024-04-26 14:03:59,987 INFO o.a.j.s.SampleEvent: List of sample_variables: []
2024-04-26 14:03:59,991 INFO o.a.j.e.u.CompoundVariable: Note: Function class names must contain the string: '.functions.'
2024-04-26 14:03:59,991 INFO o.a.j.e.u.CompoundVariable: Note: Function class names must not contain the string: '.gui.'
2024-04-26 14:04:00,054 INFO o.a.j.JMeter: Running test (1714115040054)
2024-04-26 14:04:00,077 INFO o.a.j.e.StandardJMeterEngine: Starting ThreadGroup: 1 : Load for GET Method
2024-04-26 14:04:00,077 INFO o.a.j.e.StandardJMeterEngine: Starting 10 threads for group Load for GET Method.
2024-04-26 14:04:00,077 INFO o.a.j.e.StandardJMeterEngine: Thread will continue on error
2024-04-26 14:04:00,077 INFO o.a.j.t.ThreadGroup: Starting thread group... number=1 threads=10 ramp-up=5 delayedStart=false
2024-04-26 14:04:00,084 INFO o.a.j.t.ThreadGroup: Started thread group number 1
2024-04-26 14:04:00,084 INFO o.a.j.e.StandardJMeterEngine: Starting ThreadGroup: 2 : Load for POST Method
2024-04-26 14:04:00,084 INFO o.a.j.e.StandardJMeterEngine: Starting 10 threads for group Load for POST Method.
2024-04-26 14:04:00,084 INFO o.a.j.e.StandardJMeterEngine: Thread will continue on error
2024-04-26 14:04:00,084 INFO o.a.j.t.ThreadGroup: Starting thread group... number=2 threads=10 ramp-up=5 delayedStart=false
2024-04-26 14:04:00,084 INFO o.a.j.t.JMeterThread: Thread started: Load for GET Method 1-1
2024-04-26 14:04:00,085 INFO o.a.j.t.JMeterThread: Thread started: Load for POST Method 2-1
2024-04-26 14:04:00,087 INFO o.a.j.t.ThreadGroup: Started thread group number 2
2024-04-26 14:04:00,087 INFO o.a.j.e.StandardJMeterEngine: All thread groups have been started
2024-04-26 14:04:00,100 INFO o.a.j.p.h.s.HTTPHCAbstractImpl: Local host = Anfield
2024-04-26 14:04:00,104 INFO o.a.j.p.h.s.HTTPHC4Impl: HTTP request retry count = 0
2024-04-26 14:04:00,105 INFO o.a.j.s.SampleResult: Note: Sample TimeStamps are START times
2024-04-26 14:04:00,105 INFO o.a.j.s.SampleResult: sampleresult.default.encoding is set to UTF-8
2024-04-26 14:04:00,105 INFO o.a.j.s.SampleResult: sampleresult.useNanoTime=true
2024-04-26 14:04:00,105 INFO o.a.j.s.SampleResult: sampleresult.nanoThreadSleep=5000
2024-04-26 14:04:00,220 INFO o.a.j.p.h.s.h.LazyLayeredConnectionSocketFactory: Setting up HTTPS TrustAll Socket Factory
2024-04-26 14:04:00,225 INFO o.a.j.u.JsseSSLManager: Using default SSL protocol: TLS
2024-04-26 14:04:00,225 INFO o.a.j.u.JsseSSLManager: SSL session context: per-thread
2024-04-26 14:04:00,284 INFO o.a.j.u.SSLManager: JmeterKeyStore Location:  type JKS
2024-04-26 14:04:00,287 INFO o.a.j.u.SSLManager: KeyStore created OK
2024-04-26 14:04:00,287 WARN o.a.j.u.SSLManager: Keystore file not found, loading empty keystore
2024-04-26 14:04:00,540 INFO o.a.j.r.Summariser: summary +      1 in 00:00:00 =    2.1/s Avg:   370 Min:   370 Max:   370 Err:     0 (0.00%) Active: 2 Started: 2 Finished: 0
2024-04-26 14:04:00,574 INFO o.a.j.t.JMeterThread: Thread is done: Load for GET Method 1-1
2024-04-26 14:04:00,574 INFO o.a.j.t.JMeterThread: Thread finished: Load for GET Method 1-1
2024-04-26 14:04:00,581 INFO o.a.j.t.JMeterThread: Thread started: Load for GET Method 1-2
2024-04-26 14:04:00,584 INFO o.a.j.t.JMeterThread: Thread started: Load for POST Method 2-2
2024-04-26 14:04:00,684 INFO o.a.j.t.JMeterThread: Thread is done: Load for GET Method 1-2
2024-04-26 14:04:00,684 INFO o.a.j.t.JMeterThread: Thread finished: Load for GET Method 1-2
2024-04-26 14:04:01,082 INFO o.a.j.t.JMeterThread: Thread started: Load for GET Method 1-3
2024-04-26 14:04:01,085 INFO o.a.j.t.JMeterThread: Thread started: Load for POST Method 2-3
2024-04-26 14:04:01,344 INFO o.a.j.t.JMeterThread: Thread is done: Load for GET Method 1-3
2024-04-26 14:04:01,344 INFO o.a.j.t.JMeterThread: Thread finished: Load for GET Method 1-3
2024-04-26 14:04:01,580 INFO o.a.j.t.JMeterThread: Thread started: Load for GET Method 1-4
2024-04-26 14:04:01,584 INFO o.a.j.t.JMeterThread: Thread started: Load for POST Method 2-4
2024-04-26 14:04:01,729 INFO o.a.j.t.JMeterThread: Thread is done: Load for GET Method 1-4
2024-04-26 14:04:01,729 INFO o.a.j.t.JMeterThread: Thread finished: Load for GET Method 1-4
2024-04-26 14:04:02,081 INFO o.a.j.t.JMeterThread: Thread started: Load for GET Method 1-5
2024-04-26 14:04:02,086 INFO o.a.j.t.JMeterThread: Thread started: Load for POST Method 2-5
2024-04-26 14:04:02,155 INFO o.a.j.t.JMeterThread: Thread is done: Load for POST Method 2-1
2024-04-26 14:04:02,155 INFO o.a.j.t.JMeterThread: Thread finished: Load for POST Method 2-1
2024-04-26 14:04:02,178 INFO o.a.j.t.JMeterThread: Thread is done: Load for GET Method 1-5
2024-04-26 14:04:02,178 INFO o.a.j.t.JMeterThread: Thread finished: Load for GET Method 1-5
2024-04-26 14:04:02,216 INFO o.a.j.t.JMeterThread: Thread is done: Load for POST Method 2-2
2024-04-26 14:04:02,216 INFO o.a.j.t.JMeterThread: Thread finished: Load for POST Method 2-2
2024-04-26 14:04:02,580 INFO o.a.j.t.JMeterThread: Thread started: Load for GET Method 1-6
2024-04-26 14:04:02,585 INFO o.a.j.t.JMeterThread: Thread started: Load for POST Method 2-6
2024-04-26 14:04:02,655 INFO o.a.j.t.JMeterThread: Thread is done: Load for GET Method 1-6
2024-04-26 14:04:02,655 INFO o.a.j.t.JMeterThread: Thread finished: Load for GET Method 1-6
2024-04-26 14:04:02,718 INFO o.a.j.t.JMeterThread: Thread is done: Load for POST Method 2-3
2024-04-26 14:04:02,718 INFO o.a.j.t.JMeterThread: Thread finished: Load for POST Method 2-3
2024-04-26 14:04:03,079 INFO o.a.j.t.JMeterThread: Thread started: Load for GET Method 1-7
2024-04-26 14:04:03,084 INFO o.a.j.t.JMeterThread: Thread started: Load for POST Method 2-7
2024-04-26 14:04:03,182 INFO o.a.j.t.JMeterThread: Thread is done: Load for GET Method 1-7
2024-04-26 14:04:03,182 INFO o.a.j.t.JMeterThread: Thread finished: Load for GET Method 1-7
2024-04-26 14:04:03,259 INFO o.a.j.t.JMeterThread: Thread is done: Load for POST Method 2-4
2024-04-26 14:04:03,259 INFO o.a.j.t.JMeterThread: Thread finished: Load for POST Method 2-4
2024-04-26 14:04:03,579 INFO o.a.j.t.JMeterThread: Thread started: Load for GET Method 1-8
2024-04-26 14:04:03,586 INFO o.a.j.t.JMeterThread: Thread started: Load for POST Method 2-8
2024-04-26 14:04:03,707 INFO o.a.j.t.JMeterThread: Thread is done: Load for GET Method 1-8
2024-04-26 14:04:03,708 INFO o.a.j.t.JMeterThread: Thread finished: Load for GET Method 1-8
2024-04-26 14:04:03,731 INFO o.a.j.t.JMeterThread: Thread is done: Load for POST Method 2-5
2024-04-26 14:04:03,731 INFO o.a.j.t.JMeterThread: Thread finished: Load for POST Method 2-5
2024-04-26 14:04:04,079 INFO o.a.j.t.JMeterThread: Thread started: Load for GET Method 1-9
2024-04-26 14:04:04,086 INFO o.a.j.t.JMeterThread: Thread started: Load for POST Method 2-9
2024-04-26 14:04:04,187 INFO o.a.j.t.JMeterThread: Thread is done: Load for GET Method 1-9
2024-04-26 14:04:04,188 INFO o.a.j.t.JMeterThread: Thread finished: Load for GET Method 1-9
2024-04-26 14:04:04,230 INFO o.a.j.t.JMeterThread: Thread is done: Load for POST Method 2-6
2024-04-26 14:04:04,230 INFO o.a.j.t.JMeterThread: Thread finished: Load for POST Method 2-6
2024-04-26 14:04:04,579 INFO o.a.j.t.JMeterThread: Thread started: Load for GET Method 1-10
2024-04-26 14:04:04,584 INFO o.a.j.t.JMeterThread: Thread started: Load for POST Method 2-10
2024-04-26 14:04:04,793 INFO o.a.j.t.JMeterThread: Thread is done: Load for GET Method 1-10
2024-04-26 14:04:04,793 INFO o.a.j.t.JMeterThread: Thread finished: Load for GET Method 1-10
2024-04-26 14:04:04,920 INFO o.a.j.t.JMeterThread: Thread is done: Load for POST Method 2-7
2024-04-26 14:04:04,920 INFO o.a.j.t.JMeterThread: Thread finished: Load for POST Method 2-7
2024-04-26 14:04:05,232 INFO o.a.j.t.JMeterThread: Thread is done: Load for POST Method 2-8
2024-04-26 14:04:05,232 INFO o.a.j.t.JMeterThread: Thread finished: Load for POST Method 2-8
2024-04-26 14:04:05,721 INFO o.a.j.t.JMeterThread: Thread is done: Load for POST Method 2-9
2024-04-26 14:04:05,727 INFO o.a.j.t.JMeterThread: Thread finished: Load for POST Method 2-9
2024-04-26 14:04:06,205 INFO o.a.j.t.JMeterThread: Thread is done: Load for POST Method 2-10
2024-04-26 14:04:06,205 INFO o.a.j.t.JMeterThread: Thread finished: Load for POST Method 2-10
2024-04-26 14:04:06,206 INFO o.a.j.e.StandardJMeterEngine: Notifying test listeners of end of test
2024-04-26 14:04:06,206 INFO o.a.j.r.Summariser: summary +     59 in 00:00:06 =   10.4/s Avg:   308 Min:    12 Max:   901 Err:     0 (0.00%) Active: 0 Started: 20 Finished: 20
2024-04-26 14:04:06,208 INFO o.a.j.r.Summariser: summary =     60 in 00:00:06 =    9.7/s Avg:   309 Min:    12 Max:   901 Err:     0 (0.00%)
2024-04-26 14:04:06,208 INFO o.a.j.JMeter: Generating Dashboard
2024-04-26 14:04:06,208 INFO o.a.j.r.d.ReportGenerator: Flushing result collector before report Generation
2024-04-26 14:04:06,229 INFO o.a.j.r.p.NormalizerSampleConsumer: Using format, 'ms', to parse timeStamp field
2024-04-26 14:04:06,295 INFO o.a.j.r.p.AbstractSampleConsumer: class org.apache.jmeter.report.processor.AggregateConsumer#stopProducing(): beginDate produced 0 samples
2024-04-26 14:04:06,295 INFO o.a.j.r.p.AbstractSampleConsumer: class org.apache.jmeter.report.processor.AggregateConsumer#stopProducing(): endDate produced 0 samples
2024-04-26 14:04:06,298 INFO o.a.j.r.p.AbstractSampleConsumer: class org.apache.jmeter.report.processor.ApdexSummaryConsumer#stopProducing(): apdexSummary produced 0 samples
2024-04-26 14:04:06,298 INFO o.a.j.r.p.AbstractSampleConsumer: class org.apache.jmeter.report.processor.RequestsSummaryConsumer#stopProducing(): requestsSummary produced 0 samples
2024-04-26 14:04:06,303 INFO o.a.j.r.p.AbstractSampleConsumer: class org.apache.jmeter.report.processor.StatisticsSummaryConsumer#stopProducing(): statisticsSummary produced 0 samples
2024-04-26 14:04:06,305 INFO o.a.j.r.p.AbstractSampleConsumer: class org.apache.jmeter.report.processor.Top5ErrorsBySamplerConsumer#stopProducing(): top5ErrorsBySampler produced 0 samples
2024-04-26 14:04:06,305 INFO o.a.j.r.p.AbstractSampleConsumer: class org.apache.jmeter.report.processor.ErrorsSummaryConsumer#stopProducing(): errorsSummary produced 0 samples
2024-04-26 14:04:06,305 INFO o.a.j.r.p.AbstractSampleConsumer: class org.apache.jmeter.report.processor.graph.impl.HitsPerSecondGraphConsumer#stopProducing(): hitsPerSecond produced 0 samples
2024-04-26 14:04:06,323 INFO o.a.j.r.p.AbstractSampleConsumer: class org.apache.jmeter.report.processor.graph.impl.LatencyVSRequestGraphConsumer#stopProducing(): latencyVsRequest produced 0 samples
2024-04-26 14:04:06,324 INFO o.a.j.r.p.AbstractSampleConsumer: class org.apache.jmeter.report.processor.graph.impl.SyntheticResponseTimeDistributionGraphConsumer#stopProducing(): syntheticResponseTimeDistribution produced 0 samples
2024-04-26 14:04:06,325 INFO o.a.j.r.p.AbstractSampleConsumer: class org.apache.jmeter.report.processor.graph.impl.BytesThroughputGraphConsumer#stopProducing(): bytesThroughputOverTime produced 0 samples
2024-04-26 14:04:06,325 INFO o.a.j.r.p.AbstractSampleConsumer: class org.apache.jmeter.report.processor.graph.impl.CodesPerSecondGraphConsumer#stopProducing(): codesPerSecond produced 0 samples
2024-04-26 14:04:06,330 INFO o.a.j.r.p.AbstractSampleConsumer: class org.apache.jmeter.report.processor.graph.impl.ResponseTimeVSRequestGraphConsumer#stopProducing(): responseTimeVsRequest produced 0 samples
2024-04-26 14:04:06,330 INFO o.a.j.r.p.AbstractSampleConsumer: class org.apache.jmeter.report.processor.FilterConsumer#stopProducing(): startIntervalControlerFilter produced 420 samples
2024-04-26 14:04:06,330 INFO o.a.j.r.p.AbstractSampleConsumer: class org.apache.jmeter.report.processor.graph.impl.TotalTPSGraphConsumer#stopProducing(): totalTPS produced 0 samples
2024-04-26 14:04:06,331 INFO o.a.j.r.p.AbstractSampleConsumer: class org.apache.jmeter.report.processor.graph.impl.ActiveThreadsGraphConsumer#stopProducing(): activeThreadsOverTime produced 0 samples
2024-04-26 14:04:06,331 INFO o.a.j.r.p.AbstractSampleConsumer: class org.apache.jmeter.report.processor.graph.impl.TimeVSThreadGraphConsumer#stopProducing(): timeVsThreads produced 0 samples
2024-04-26 14:04:06,331 INFO o.a.j.r.p.AbstractSampleConsumer: class org.apache.jmeter.report.processor.graph.impl.ResponseTimeDistributionGraphConsumer#stopProducing(): responseTimeDistribution produced 0 samples
2024-04-26 14:04:06,331 INFO o.a.j.r.p.AbstractSampleConsumer: class org.apache.jmeter.report.processor.graph.impl.TransactionsPerSecondGraphConsumer#stopProducing(): transactionsPerSecond produced 0 samples
2024-04-26 14:04:06,331 INFO o.a.j.r.p.AbstractSampleConsumer: class org.apache.jmeter.report.processor.graph.impl.ResponseTimePercentilesGraphConsumer#stopProducing(): responseTimePercentiles produced 0 samples
2024-04-26 14:04:06,332 INFO o.a.j.r.p.AbstractSampleConsumer: class org.apache.jmeter.report.processor.graph.impl.ResponseTimePercentilesOverTimeGraphConsumer#stopProducing(): responseTimePercentilesOverTime produced 0 samples
2024-04-26 14:04:06,332 INFO o.a.j.r.p.AbstractSampleConsumer: class org.apache.jmeter.report.processor.graph.impl.ResponseTimeOverTimeGraphConsumer#stopProducing(): responseTimesOverTime produced 0 samples
2024-04-26 14:04:06,332 INFO o.a.j.r.p.AbstractSampleConsumer: class org.apache.jmeter.report.processor.graph.impl.ConnectTimeOverTimeGraphConsumer#stopProducing(): connectTimeOverTime produced 0 samples
2024-04-26 14:04:06,332 INFO o.a.j.r.p.AbstractSampleConsumer: class org.apache.jmeter.report.processor.graph.impl.LatencyOverTimeGraphConsumer#stopProducing(): latenciesOverTime produced 0 samples
2024-04-26 14:04:06,332 INFO o.a.j.r.p.AbstractSampleConsumer: class org.apache.jmeter.report.processor.FilterConsumer#stopProducing(): nameFilter produced 900 samples
2024-04-26 14:04:06,332 INFO o.a.j.r.p.AbstractSampleConsumer: class org.apache.jmeter.report.processor.FilterConsumer#stopProducing(): dateRangeFilter produced 180 samples
2024-04-26 14:04:06,332 INFO o.a.j.r.p.AbstractSampleConsumer: class org.apache.jmeter.report.processor.NormalizerSampleConsumer#stopProducing(): normalizer produced 60 samples
2024-04-26 14:04:06,333 INFO o.a.j.r.p.CsvFileSampleSource: produce(): 60 samples produced in 84ms on channel 0
2024-04-26 14:04:06,333 INFO o.a.j.r.d.ReportGenerator: Exporting data using exporter:'json' of className:'org.apache.jmeter.report.dashboard.JsonExporter'
2024-04-26 14:04:06,409 INFO o.a.j.r.d.JsonExporter: Found data for consumer statisticsSummary in context
2024-04-26 14:04:06,409 INFO o.a.j.r.d.JsonExporter: Creating statistics for overall
2024-04-26 14:04:06,409 INFO o.a.j.r.d.JsonExporter: Creating statistics for other transactions
2024-04-26 14:04:06,410 INFO o.a.j.r.d.JsonExporter: Checking output folder
2024-04-26 14:04:06,410 INFO o.a.j.r.d.JsonExporter: Writing statistics JSON to C:\Users\solog\Desktop\Coding\CS262\Jmeter\Reqres_in\.\testReport\statistics.json
2024-04-26 14:04:06,447 INFO o.a.j.r.d.ReportGenerator: Exporting data using exporter:'html' of className:'org.apache.jmeter.report.dashboard.HtmlTemplateExporter'
2024-04-26 14:04:06,449 INFO o.a.j.r.d.HtmlTemplateExporter: Will generate dashboard in folder: C:\Users\solog\Desktop\Coding\CS262\Jmeter\Reqres_in\.\testReport
2024-04-26 14:04:06,542 INFO o.a.j.r.d.HtmlTemplateExporter: Report will be generated in: C:\Users\solog\Desktop\Coding\CS262\Jmeter\Reqres_in\.\testReport, creating folder structure
2024-04-26 14:04:06,544 INFO o.a.j.r.d.TemplateVisitor: Copying folder from 'C:\Users\solog\apache-jmeter-5.6.3\apache-jmeter-5.6.3\bin\report-template' to 'C:\Users\solog\Desktop\Coding\CS262\Jmeter\Reqres_in\.\testReport', got message: C:\Users\solog\Desktop\Coding\CS262\Jmeter\Reqres_in\.\testReport, found non empty folder with following content [C:\Users\solog\Desktop\Coding\CS262\Jmeter\Reqres_in\.\testReport\statistics.json], will be ignored
2024-04-26 14:04:06,908 INFO o.a.j.JMeter: Dashboard generated
